<?xml version="1.0" encoding="UTF-8"?>
<testsuite xmlns:xsi="http://www.w3.org/2001/XMLSchema-instance" xsi:noNamespaceSchemaLocation="https://maven.apache.org/surefire/maven-surefire-plugin/xsd/surefire-test-report.xsd" name="com.basic.hibernate.dao.DmarcReportsTest" time="1.655" tests="1" errors="0" skipped="0" failures="0">
  <properties>
    <property name="gopherProxySet" value="false"/>
    <property name="awt.toolkit" value="sun.lwawt.macosx.LWCToolkit"/>
    <property name="file.encoding.pkg" value="sun.io"/>
    <property name="java.specification.version" value="1.8"/>
    <property name="sun.cpu.isalist" value=""/>
    <property name="sun.jnu.encoding" value="UTF-8"/>
    <property name="java.class.path" value="/Users/jianzhang/SpringBoot/SpringbootSecurityDemo/target/test-classes:/Users/jianzhang/SpringBoot/SpringbootSecurityDemo/target/classes:/Users/jianzhang/.m2/repository/org/springframework/boot/spring-boot-starter-data-cassandra/2.1.2.RELEASE/spring-boot-starter-data-cassandra-2.1.2.RELEASE.jar:/Users/jianzhang/.m2/repository/org/springframework/boot/spring-boot-starter/2.1.2.RELEASE/spring-boot-starter-2.1.2.RELEASE.jar:/Users/jianzhang/.m2/repository/org/springframework/boot/spring-boot/2.1.2.RELEASE/spring-boot-2.1.2.RELEASE.jar:/Users/jianzhang/.m2/repository/org/springframework/boot/spring-boot-autoconfigure/2.1.2.RELEASE/spring-boot-autoconfigure-2.1.2.RELEASE.jar:/Users/jianzhang/.m2/repository/org/springframework/boot/spring-boot-starter-logging/2.1.2.RELEASE/spring-boot-starter-logging-2.1.2.RELEASE.jar:/Users/jianzhang/.m2/repository/ch/qos/logback/logback-classic/1.2.3/logback-classic-1.2.3.jar:/Users/jianzhang/.m2/repository/ch/qos/logback/logback-core/1.2.3/logback-core-1.2.3.jar:/Users/jianzhang/.m2/repository/org/apache/logging/log4j/log4j-to-slf4j/2.11.1/log4j-to-slf4j-2.11.1.jar:/Users/jianzhang/.m2/repository/org/apache/logging/log4j/log4j-api/2.11.1/log4j-api-2.11.1.jar:/Users/jianzhang/.m2/repository/org/slf4j/jul-to-slf4j/1.7.25/jul-to-slf4j-1.7.25.jar:/Users/jianzhang/.m2/repository/org/yaml/snakeyaml/1.23/snakeyaml-1.23.jar:/Users/jianzhang/.m2/repository/org/springframework/spring-tx/5.1.4.RELEASE/spring-tx-5.1.4.RELEASE.jar:/Users/jianzhang/.m2/repository/org/springframework/spring-beans/5.1.4.RELEASE/spring-beans-5.1.4.RELEASE.jar:/Users/jianzhang/.m2/repository/org/springframework/data/spring-data-cassandra/2.1.4.RELEASE/spring-data-cassandra-2.1.4.RELEASE.jar:/Users/jianzhang/.m2/repository/org/springframework/spring-context/5.1.4.RELEASE/spring-context-5.1.4.RELEASE.jar:/Users/jianzhang/.m2/repository/org/springframework/spring-expression/5.1.4.RELEASE/spring-expression-5.1.4.RELEASE.jar:/Users/jianzhang/.m2/repository/org/springframework/data/spring-data-commons/2.1.4.RELEASE/spring-data-commons-2.1.4.RELEASE.jar:/Users/jianzhang/.m2/repository/org/springframework/boot/spring-boot-starter-data-cassandra-reactive/2.1.2.RELEASE/spring-boot-starter-data-cassandra-reactive-2.1.2.RELEASE.jar:/Users/jianzhang/.m2/repository/io/projectreactor/reactor-core/3.2.5.RELEASE/reactor-core-3.2.5.RELEASE.jar:/Users/jianzhang/.m2/repository/org/reactivestreams/reactive-streams/1.0.2/reactive-streams-1.0.2.jar:/Users/jianzhang/.m2/repository/org/springframework/boot/spring-boot-starter-data-jpa/2.1.2.RELEASE/spring-boot-starter-data-jpa-2.1.2.RELEASE.jar:/Users/jianzhang/.m2/repository/org/springframework/boot/spring-boot-starter-aop/2.1.2.RELEASE/spring-boot-starter-aop-2.1.2.RELEASE.jar:/Users/jianzhang/.m2/repository/org/aspectj/aspectjweaver/1.9.2/aspectjweaver-1.9.2.jar:/Users/jianzhang/.m2/repository/org/springframework/boot/spring-boot-starter-jdbc/2.1.2.RELEASE/spring-boot-starter-jdbc-2.1.2.RELEASE.jar:/Users/jianzhang/.m2/repository/com/zaxxer/HikariCP/3.2.0/HikariCP-3.2.0.jar:/Users/jianzhang/.m2/repository/org/springframework/spring-jdbc/5.1.4.RELEASE/spring-jdbc-5.1.4.RELEASE.jar:/Users/jianzhang/.m2/repository/javax/transaction/javax.transaction-api/1.3/javax.transaction-api-1.3.jar:/Users/jianzhang/.m2/repository/javax/xml/bind/jaxb-api/2.3.1/jaxb-api-2.3.1.jar:/Users/jianzhang/.m2/repository/javax/activation/javax.activation-api/1.2.0/javax.activation-api-1.2.0.jar:/Users/jianzhang/.m2/repository/org/springframework/data/spring-data-jpa/2.1.4.RELEASE/spring-data-jpa-2.1.4.RELEASE.jar:/Users/jianzhang/.m2/repository/org/springframework/spring-orm/5.1.4.RELEASE/spring-orm-5.1.4.RELEASE.jar:/Users/jianzhang/.m2/repository/org/springframework/spring-aspects/5.1.4.RELEASE/spring-aspects-5.1.4.RELEASE.jar:/Users/jianzhang/.m2/repository/org/springframework/boot/spring-boot-starter-data-mongodb/2.1.2.RELEASE/spring-boot-starter-data-mongodb-2.1.2.RELEASE.jar:/Users/jianzhang/.m2/repository/org/mongodb/mongodb-driver/3.8.2/mongodb-driver-3.8.2.jar:/Users/jianzhang/.m2/repository/org/mongodb/bson/3.8.2/bson-3.8.2.jar:/Users/jianzhang/.m2/repository/org/mongodb/mongodb-driver-core/3.8.2/mongodb-driver-core-3.8.2.jar:/Users/jianzhang/.m2/repository/org/springframework/data/spring-data-mongodb/2.1.4.RELEASE/spring-data-mongodb-2.1.4.RELEASE.jar:/Users/jianzhang/.m2/repository/org/springframework/boot/spring-boot-starter-data-mongodb-reactive/2.1.2.RELEASE/spring-boot-starter-data-mongodb-reactive-2.1.2.RELEASE.jar:/Users/jianzhang/.m2/repository/org/mongodb/mongodb-driver-async/3.8.2/mongodb-driver-async-3.8.2.jar:/Users/jianzhang/.m2/repository/org/mongodb/mongodb-driver-reactivestreams/1.9.2/mongodb-driver-reactivestreams-1.9.2.jar:/Users/jianzhang/.m2/repository/org/springframework/boot/spring-boot-starter-oauth2-client/2.1.2.RELEASE/spring-boot-starter-oauth2-client-2.1.2.RELEASE.jar:/Users/jianzhang/.m2/repository/org/springframework/security/spring-security-config/5.1.3.RELEASE/spring-security-config-5.1.3.RELEASE.jar:/Users/jianzhang/.m2/repository/org/springframework/security/spring-security-core/5.1.3.RELEASE/spring-security-core-5.1.3.RELEASE.jar:/Users/jianzhang/.m2/repository/org/springframework/security/spring-security-oauth2-client/5.1.3.RELEASE/spring-security-oauth2-client-5.1.3.RELEASE.jar:/Users/jianzhang/.m2/repository/com/nimbusds/oauth2-oidc-sdk/6.0/oauth2-oidc-sdk-6.0.jar:/Users/jianzhang/.m2/repository/com/sun/mail/javax.mail/1.6.2/javax.mail-1.6.2.jar:/Users/jianzhang/.m2/repository/javax/activation/activation/1.1/activation-1.1.jar:/Users/jianzhang/.m2/repository/com/github/stephenc/jcip/jcip-annotations/1.0-1/jcip-annotations-1.0-1.jar:/Users/jianzhang/.m2/repository/com/nimbusds/lang-tag/1.4.4/lang-tag-1.4.4.jar:/Users/jianzhang/.m2/repository/org/springframework/security/spring-security-oauth2-core/5.1.3.RELEASE/spring-security-oauth2-core-5.1.3.RELEASE.jar:/Users/jianzhang/.m2/repository/org/springframework/security/spring-security-oauth2-jose/5.1.3.RELEASE/spring-security-oauth2-jose-5.1.3.RELEASE.jar:/Users/jianzhang/.m2/repository/com/nimbusds/nimbus-jose-jwt/6.0.2/nimbus-jose-jwt-6.0.2.jar:/Users/jianzhang/.m2/repository/org/springframework/boot/spring-boot-starter-oauth2-resource-server/2.1.2.RELEASE/spring-boot-starter-oauth2-resource-server-2.1.2.RELEASE.jar:/Users/jianzhang/.m2/repository/org/springframework/security/spring-security-oauth2-resource-server/5.1.3.RELEASE/spring-security-oauth2-resource-server-5.1.3.RELEASE.jar:/Users/jianzhang/.m2/repository/org/springframework/boot/spring-boot-starter-security/2.1.2.RELEASE/spring-boot-starter-security-2.1.2.RELEASE.jar:/Users/jianzhang/.m2/repository/org/springframework/spring-aop/5.1.4.RELEASE/spring-aop-5.1.4.RELEASE.jar:/Users/jianzhang/.m2/repository/org/springframework/security/spring-security-web/5.1.3.RELEASE/spring-security-web-5.1.3.RELEASE.jar:/Users/jianzhang/.m2/repository/org/springframework/boot/spring-boot-starter-validation/2.1.2.RELEASE/spring-boot-starter-validation-2.1.2.RELEASE.jar:/Users/jianzhang/.m2/repository/org/apache/tomcat/embed/tomcat-embed-el/9.0.14/tomcat-embed-el-9.0.14.jar:/Users/jianzhang/.m2/repository/org/hibernate/validator/hibernate-validator/6.0.14.Final/hibernate-validator-6.0.14.Final.jar:/Users/jianzhang/.m2/repository/org/springframework/boot/spring-boot-starter-web/2.1.2.RELEASE/spring-boot-starter-web-2.1.2.RELEASE.jar:/Users/jianzhang/.m2/repository/org/springframework/boot/spring-boot-starter-json/2.1.2.RELEASE/spring-boot-starter-json-2.1.2.RELEASE.jar:/Users/jianzhang/.m2/repository/com/fasterxml/jackson/datatype/jackson-datatype-jdk8/2.9.8/jackson-datatype-jdk8-2.9.8.jar:/Users/jianzhang/.m2/repository/com/fasterxml/jackson/datatype/jackson-datatype-jsr310/2.9.8/jackson-datatype-jsr310-2.9.8.jar:/Users/jianzhang/.m2/repository/com/fasterxml/jackson/module/jackson-module-parameter-names/2.9.8/jackson-module-parameter-names-2.9.8.jar:/Users/jianzhang/.m2/repository/org/springframework/spring-web/5.1.4.RELEASE/spring-web-5.1.4.RELEASE.jar:/Users/jianzhang/.m2/repository/org/springframework/spring-webmvc/5.1.4.RELEASE/spring-webmvc-5.1.4.RELEASE.jar:/Users/jianzhang/.m2/repository/org/springframework/boot/spring-boot-starter-tomcat/2.1.2.RELEASE/spring-boot-starter-tomcat-2.1.2.RELEASE.jar:/Users/jianzhang/.m2/repository/javax/annotation/javax.annotation-api/1.3.2/javax.annotation-api-1.3.2.jar:/Users/jianzhang/.m2/repository/org/apache/tomcat/embed/tomcat-embed-core/9.0.14/tomcat-embed-core-9.0.14.jar:/Users/jianzhang/.m2/repository/org/apache/tomcat/embed/tomcat-embed-websocket/9.0.14/tomcat-embed-websocket-9.0.14.jar:/Users/jianzhang/.m2/repository/org/springframework/boot/spring-boot-starter-test/2.1.2.RELEASE/spring-boot-starter-test-2.1.2.RELEASE.jar:/Users/jianzhang/.m2/repository/org/springframework/boot/spring-boot-test/2.1.2.RELEASE/spring-boot-test-2.1.2.RELEASE.jar:/Users/jianzhang/.m2/repository/org/springframework/boot/spring-boot-test-autoconfigure/2.1.2.RELEASE/spring-boot-test-autoconfigure-2.1.2.RELEASE.jar:/Users/jianzhang/.m2/repository/com/jayway/jsonpath/json-path/2.4.0/json-path-2.4.0.jar:/Users/jianzhang/.m2/repository/net/minidev/json-smart/2.3/json-smart-2.3.jar:/Users/jianzhang/.m2/repository/net/minidev/accessors-smart/1.2/accessors-smart-1.2.jar:/Users/jianzhang/.m2/repository/org/assertj/assertj-core/3.11.1/assertj-core-3.11.1.jar:/Users/jianzhang/.m2/repository/org/mockito/mockito-core/2.23.4/mockito-core-2.23.4.jar:/Users/jianzhang/.m2/repository/net/bytebuddy/byte-buddy/1.9.7/byte-buddy-1.9.7.jar:/Users/jianzhang/.m2/repository/net/bytebuddy/byte-buddy-agent/1.9.7/byte-buddy-agent-1.9.7.jar:/Users/jianzhang/.m2/repository/org/objenesis/objenesis/2.6/objenesis-2.6.jar:/Users/jianzhang/.m2/repository/org/hamcrest/hamcrest-core/1.3/hamcrest-core-1.3.jar:/Users/jianzhang/.m2/repository/org/hamcrest/hamcrest-library/1.3/hamcrest-library-1.3.jar:/Users/jianzhang/.m2/repository/org/skyscreamer/jsonassert/1.5.0/jsonassert-1.5.0.jar:/Users/jianzhang/.m2/repository/com/vaadin/external/google/android-json/0.0.20131108.vaadin1/android-json-0.0.20131108.vaadin1.jar:/Users/jianzhang/.m2/repository/org/springframework/spring-core/5.1.4.RELEASE/spring-core-5.1.4.RELEASE.jar:/Users/jianzhang/.m2/repository/org/springframework/spring-jcl/5.1.4.RELEASE/spring-jcl-5.1.4.RELEASE.jar:/Users/jianzhang/.m2/repository/org/springframework/spring-test/5.1.4.RELEASE/spring-test-5.1.4.RELEASE.jar:/Users/jianzhang/.m2/repository/org/xmlunit/xmlunit-core/2.6.2/xmlunit-core-2.6.2.jar:/Users/jianzhang/.m2/repository/org/springframework/security/spring-security-test/5.1.3.RELEASE/spring-security-test-5.1.3.RELEASE.jar:/Users/jianzhang/.m2/repository/log4j/log4j/1.2.16/log4j-1.2.16.jar:/Users/jianzhang/.m2/repository/org/codehaus/jackson/jackson-mapper-asl/1.9.13/jackson-mapper-asl-1.9.13.jar:/Users/jianzhang/.m2/repository/org/codehaus/jackson/jackson-core-asl/1.9.13/jackson-core-asl-1.9.13.jar:/Users/jianzhang/.m2/repository/org/glassfish/jersey/media/jersey-media-json-jackson/2.6/jersey-media-json-jackson-2.6.jar:/Users/jianzhang/.m2/repository/org/glassfish/jersey/core/jersey-common/2.6/jersey-common-2.6.jar:/Users/jianzhang/.m2/repository/org/glassfish/jersey/bundles/repackaged/jersey-guava/2.6/jersey-guava-2.6.jar:/Users/jianzhang/.m2/repository/org/glassfish/hk2/hk2-api/2.2.0/hk2-api-2.2.0.jar:/Users/jianzhang/.m2/repository/org/glassfish/hk2/hk2-utils/2.2.0/hk2-utils-2.2.0.jar:/Users/jianzhang/.m2/repository/org/glassfish/hk2/external/aopalliance-repackaged/2.2.0/aopalliance-repackaged-2.2.0.jar:/Users/jianzhang/.m2/repository/org/glassfish/hk2/hk2-locator/2.2.0/hk2-locator-2.2.0.jar:/Users/jianzhang/.m2/repository/org/glassfish/hk2/osgi-resource-locator/1.0.1/osgi-resource-locator-1.0.1.jar:/Users/jianzhang/.m2/repository/org/codehaus/jackson/jackson-jaxrs/1.9.13/jackson-jaxrs-1.9.13.jar:/Users/jianzhang/.m2/repository/org/codehaus/jackson/jackson-xc/1.9.13/jackson-xc-1.9.13.jar:/Users/jianzhang/.m2/repository/org/glassfish/jersey/containers/jersey-container-servlet-core/2.6/jersey-container-servlet-core-2.6.jar:/Users/jianzhang/.m2/repository/org/glassfish/hk2/external/javax.inject/2.2.0/javax.inject-2.2.0.jar:/Users/jianzhang/.m2/repository/org/glassfish/jersey/core/jersey-server/2.6/jersey-server-2.6.jar:/Users/jianzhang/.m2/repository/org/glassfish/jersey/core/jersey-client/2.6/jersey-client-2.6.jar:/Users/jianzhang/.m2/repository/javax/ws/rs/javax.ws.rs-api/2.0/javax.ws.rs-api-2.0.jar:/Users/jianzhang/.m2/repository/com/fasterxml/jackson/core/jackson-databind/2.9.8/jackson-databind-2.9.8.jar:/Users/jianzhang/.m2/repository/com/fasterxml/jackson/core/jackson-annotations/2.9.0/jackson-annotations-2.9.0.jar:/Users/jianzhang/.m2/repository/com/fasterxml/jackson/core/jackson-core/2.9.8/jackson-core-2.9.8.jar:/Users/jianzhang/.m2/repository/com/fasterxml/jackson/dataformat/jackson-dataformat-xml/2.9.8/jackson-dataformat-xml-2.9.8.jar:/Users/jianzhang/.m2/repository/com/fasterxml/jackson/module/jackson-module-jaxb-annotations/2.9.8/jackson-module-jaxb-annotations-2.9.8.jar:/Users/jianzhang/.m2/repository/org/codehaus/woodstox/stax2-api/3.1.4/stax2-api-3.1.4.jar:/Users/jianzhang/.m2/repository/com/fasterxml/woodstox/woodstox-core/5.0.3/woodstox-core-5.0.3.jar:/Users/jianzhang/.m2/repository/org/json/json/20160810/json-20160810.jar:/Users/jianzhang/.m2/repository/org/bouncycastle/bcprov-jdk16/1.45/bcprov-jdk16-1.45.jar:/Users/jianzhang/.m2/repository/struts/struts/1.1/struts-1.1.jar:/Users/jianzhang/.m2/repository/commons-beanutils/commons-beanutils/1.6.1/commons-beanutils-1.6.1.jar:/Users/jianzhang/.m2/repository/commons-collections/commons-collections/3.1/commons-collections-3.1.jar:/Users/jianzhang/.m2/repository/struts/struts-legacy/1.1/struts-legacy-1.1.jar:/Users/jianzhang/.m2/repository/commons-digester/commons-digester/1.6/commons-digester-1.6.jar:/Users/jianzhang/.m2/repository/xml-apis/xml-apis/1.4.01/xml-apis-1.4.01.jar:/Users/jianzhang/.m2/repository/commons-lang/commons-lang/2.1/commons-lang-2.1.jar:/Users/jianzhang/.m2/repository/commons-logging/commons-logging/1.0/commons-logging-1.0.jar:/Users/jianzhang/.m2/repository/commons-validator/commons-validator/1.1.4/commons-validator-1.1.4.jar:/Users/jianzhang/.m2/repository/oro/oro/2.0.7/oro-2.0.7.jar:/Users/jianzhang/.m2/repository/javax/sql/jdbc-stdext/2.0/jdbc-stdext-2.0.jar:/Users/jianzhang/.m2/repository/org/apache/tiles/tiles-core/3.0.5/tiles-core-3.0.5.jar:/Users/jianzhang/.m2/repository/org/slf4j/jcl-over-slf4j/1.7.25/jcl-over-slf4j-1.7.25.jar:/Users/jianzhang/.m2/repository/org/slf4j/slf4j-api/1.7.25/slf4j-api-1.7.25.jar:/Users/jianzhang/.m2/repository/org/apache/tiles/tiles-jsp/3.0.5/tiles-jsp-3.0.5.jar:/Users/jianzhang/.m2/repository/org/apache/tiles/tiles-servlet/3.0.5/tiles-servlet-3.0.5.jar:/Users/jianzhang/.m2/repository/org/apache/tiles/tiles-request-servlet/1.0.6/tiles-request-servlet-1.0.6.jar:/Users/jianzhang/.m2/repository/org/apache/tiles/tiles-template/3.0.5/tiles-template-3.0.5.jar:/Users/jianzhang/.m2/repository/org/apache/tiles/tiles-autotag-core-runtime/1.1.0/tiles-autotag-core-runtime-1.1.0.jar:/Users/jianzhang/.m2/repository/org/apache/tiles/tiles-request-jsp/1.0.6/tiles-request-jsp-1.0.6.jar:/Users/jianzhang/.m2/repository/org/apache/tiles/tiles-api/3.0.5/tiles-api-3.0.5.jar:/Users/jianzhang/.m2/repository/org/apache/tiles/tiles-request-api/1.0.6/tiles-request-api-1.0.6.jar:/Users/jianzhang/.m2/repository/joda-time/joda-time/2.3/joda-time-2.3.jar:/Users/jianzhang/.m2/repository/org/mongodb/mongo-java-driver/3.4.2/mongo-java-driver-3.4.2.jar:/Users/jianzhang/.m2/repository/com/datastax/cassandra/cassandra-driver-core/3.1.4/cassandra-driver-core-3.1.4.jar:/Users/jianzhang/.m2/repository/io/netty/netty-handler/4.1.31.Final/netty-handler-4.1.31.Final.jar:/Users/jianzhang/.m2/repository/io/netty/netty-buffer/4.1.31.Final/netty-buffer-4.1.31.Final.jar:/Users/jianzhang/.m2/repository/io/netty/netty-common/4.1.31.Final/netty-common-4.1.31.Final.jar:/Users/jianzhang/.m2/repository/io/netty/netty-transport/4.1.31.Final/netty-transport-4.1.31.Final.jar:/Users/jianzhang/.m2/repository/io/netty/netty-resolver/4.1.31.Final/netty-resolver-4.1.31.Final.jar:/Users/jianzhang/.m2/repository/io/netty/netty-codec/4.1.31.Final/netty-codec-4.1.31.Final.jar:/Users/jianzhang/.m2/repository/io/dropwizard/metrics/metrics-core/4.0.5/metrics-core-4.0.5.jar:/Users/jianzhang/.m2/repository/com/github/jnr/jnr-ffi/2.0.7/jnr-ffi-2.0.7.jar:/Users/jianzhang/.m2/repository/com/github/jnr/jffi/1.2.10/jffi-1.2.10.jar:/Users/jianzhang/.m2/repository/com/github/jnr/jffi/1.2.10/jffi-1.2.10-native.jar:/Users/jianzhang/.m2/repository/org/ow2/asm/asm/5.0.3/asm-5.0.3.jar:/Users/jianzhang/.m2/repository/org/ow2/asm/asm-commons/5.0.3/asm-commons-5.0.3.jar:/Users/jianzhang/.m2/repository/org/ow2/asm/asm-analysis/5.0.3/asm-analysis-5.0.3.jar:/Users/jianzhang/.m2/repository/org/ow2/asm/asm-tree/5.0.3/asm-tree-5.0.3.jar:/Users/jianzhang/.m2/repository/org/ow2/asm/asm-util/5.0.3/asm-util-5.0.3.jar:/Users/jianzhang/.m2/repository/com/github/jnr/jnr-x86asm/1.0.2/jnr-x86asm-1.0.2.jar:/Users/jianzhang/.m2/repository/com/github/jnr/jnr-posix/3.0.27/jnr-posix-3.0.27.jar:/Users/jianzhang/.m2/repository/com/github/jnr/jnr-constants/0.9.0/jnr-constants-0.9.0.jar:/Users/jianzhang/.m2/repository/com/google/guava/guava/16.0.1/guava-16.0.1.jar:/Users/jianzhang/.m2/repository/com/codahale/metrics/metrics-core/3.0.2/metrics-core-3.0.2.jar:/Users/jianzhang/.m2/repository/org/apache/ant/ant-apache-regexp/1.9.4/ant-apache-regexp-1.9.4.jar:/Users/jianzhang/.m2/repository/org/apache/ant/ant/1.9.4/ant-1.9.4.jar:/Users/jianzhang/.m2/repository/org/apache/ant/ant-launcher/1.9.4/ant-launcher-1.9.4.jar:/Users/jianzhang/.m2/repository/regexp/regexp/1.3/regexp-1.3.jar:/Users/jianzhang/.m2/repository/javax/servlet/jsp/jsp-api/2.1/jsp-api-2.1.jar:/Users/jianzhang/.m2/repository/javax/el/javax.el-api/3.0.0/javax.el-api-3.0.0.jar:/Users/jianzhang/.m2/repository/org/mariadb/jdbc/mariadb-java-client/2.1.0/mariadb-java-client-2.1.0.jar:/Users/jianzhang/.m2/repository/org/hibernate/hibernate-core/4.3.6.Final/hibernate-core-4.3.6.Final.jar:/Users/jianzhang/.m2/repository/org/jboss/logging/jboss-logging/3.3.2.Final/jboss-logging-3.3.2.Final.jar:/Users/jianzhang/.m2/repository/org/jboss/logging/jboss-logging-annotations/1.2.0.Beta1/jboss-logging-annotations-1.2.0.Beta1.jar:/Users/jianzhang/.m2/repository/org/jboss/spec/javax/transaction/jboss-transaction-api_1.2_spec/1.0.0.Final/jboss-transaction-api_1.2_spec-1.0.0.Final.jar:/Users/jianzhang/.m2/repository/dom4j/dom4j/1.6.1/dom4j-1.6.1.jar:/Users/jianzhang/.m2/repository/org/hibernate/common/hibernate-commons-annotations/4.0.5.Final/hibernate-commons-annotations-4.0.5.Final.jar:/Users/jianzhang/.m2/repository/org/hibernate/javax/persistence/hibernate-jpa-2.1-api/1.0.0.Final/hibernate-jpa-2.1-api-1.0.0.Final.jar:/Users/jianzhang/.m2/repository/org/javassist/javassist/3.18.1-GA/javassist-3.18.1-GA.jar:/Users/jianzhang/.m2/repository/antlr/antlr/2.7.7/antlr-2.7.7.jar:/Users/jianzhang/.m2/repository/org/jboss/jandex/1.1.0.Final/jandex-1.1.0.Final.jar:/Users/jianzhang/.m2/repository/org/hibernate/hibernate-validator/5.0.1.Final/hibernate-validator-5.0.1.Final.jar:/Users/jianzhang/.m2/repository/javax/validation/validation-api/2.0.1.Final/validation-api-2.0.1.Final.jar:/Users/jianzhang/.m2/repository/com/fasterxml/classmate/1.4.0/classmate-1.4.0.jar:/Users/jianzhang/.m2/repository/commons-fileupload/commons-fileupload/1.2/commons-fileupload-1.2.jar:/Users/jianzhang/.m2/repository/commons-io/commons-io/1.3.2/commons-io-1.3.2.jar:/Users/jianzhang/.m2/repository/junit/junit/3.8.1/junit-3.8.1.jar:"/>
    <property name="java.vm.vendor" value="Oracle Corporation"/>
    <property name="sun.arch.data.model" value="64"/>
    <property name="java.vendor.url" value="http://java.oracle.com/"/>
    <property name="user.timezone" value=""/>
    <property name="java.vm.specification.version" value="1.8"/>
    <property name="os.name" value="Mac OS X"/>
    <property name="user.country" value="US"/>
    <property name="sun.java.launcher" value="SUN_STANDARD"/>
    <property name="sun.boot.library.path" value="/Library/Java/JavaVirtualMachines/jdk1.8.0_181.jdk/Contents/Home/jre/lib"/>
    <property name="sun.java.command" value="/Users/jianzhang/SpringBoot/SpringbootSecurityDemo/target/surefire/surefirebooter7971888525215120216.jar /Users/jianzhang/SpringBoot/SpringbootSecurityDemo/target/surefire 2019-02-15T15-12-44_003-jvmRun1 surefire1748836401992011998tmp surefire_06215915724984749965tmp"/>
    <property name="http.nonProxyHosts" value="local|*.local|169.254/16|*.169.254/16"/>
    <property name="surefire.test.class.path" value="/Users/jianzhang/SpringBoot/SpringbootSecurityDemo/target/test-classes:/Users/jianzhang/SpringBoot/SpringbootSecurityDemo/target/classes:/Users/jianzhang/.m2/repository/org/springframework/boot/spring-boot-starter-data-cassandra/2.1.2.RELEASE/spring-boot-starter-data-cassandra-2.1.2.RELEASE.jar:/Users/jianzhang/.m2/repository/org/springframework/boot/spring-boot-starter/2.1.2.RELEASE/spring-boot-starter-2.1.2.RELEASE.jar:/Users/jianzhang/.m2/repository/org/springframework/boot/spring-boot/2.1.2.RELEASE/spring-boot-2.1.2.RELEASE.jar:/Users/jianzhang/.m2/repository/org/springframework/boot/spring-boot-autoconfigure/2.1.2.RELEASE/spring-boot-autoconfigure-2.1.2.RELEASE.jar:/Users/jianzhang/.m2/repository/org/springframework/boot/spring-boot-starter-logging/2.1.2.RELEASE/spring-boot-starter-logging-2.1.2.RELEASE.jar:/Users/jianzhang/.m2/repository/ch/qos/logback/logback-classic/1.2.3/logback-classic-1.2.3.jar:/Users/jianzhang/.m2/repository/ch/qos/logback/logback-core/1.2.3/logback-core-1.2.3.jar:/Users/jianzhang/.m2/repository/org/apache/logging/log4j/log4j-to-slf4j/2.11.1/log4j-to-slf4j-2.11.1.jar:/Users/jianzhang/.m2/repository/org/apache/logging/log4j/log4j-api/2.11.1/log4j-api-2.11.1.jar:/Users/jianzhang/.m2/repository/org/slf4j/jul-to-slf4j/1.7.25/jul-to-slf4j-1.7.25.jar:/Users/jianzhang/.m2/repository/org/yaml/snakeyaml/1.23/snakeyaml-1.23.jar:/Users/jianzhang/.m2/repository/org/springframework/spring-tx/5.1.4.RELEASE/spring-tx-5.1.4.RELEASE.jar:/Users/jianzhang/.m2/repository/org/springframework/spring-beans/5.1.4.RELEASE/spring-beans-5.1.4.RELEASE.jar:/Users/jianzhang/.m2/repository/org/springframework/data/spring-data-cassandra/2.1.4.RELEASE/spring-data-cassandra-2.1.4.RELEASE.jar:/Users/jianzhang/.m2/repository/org/springframework/spring-context/5.1.4.RELEASE/spring-context-5.1.4.RELEASE.jar:/Users/jianzhang/.m2/repository/org/springframework/spring-expression/5.1.4.RELEASE/spring-expression-5.1.4.RELEASE.jar:/Users/jianzhang/.m2/repository/org/springframework/data/spring-data-commons/2.1.4.RELEASE/spring-data-commons-2.1.4.RELEASE.jar:/Users/jianzhang/.m2/repository/org/springframework/boot/spring-boot-starter-data-cassandra-reactive/2.1.2.RELEASE/spring-boot-starter-data-cassandra-reactive-2.1.2.RELEASE.jar:/Users/jianzhang/.m2/repository/io/projectreactor/reactor-core/3.2.5.RELEASE/reactor-core-3.2.5.RELEASE.jar:/Users/jianzhang/.m2/repository/org/reactivestreams/reactive-streams/1.0.2/reactive-streams-1.0.2.jar:/Users/jianzhang/.m2/repository/org/springframework/boot/spring-boot-starter-data-jpa/2.1.2.RELEASE/spring-boot-starter-data-jpa-2.1.2.RELEASE.jar:/Users/jianzhang/.m2/repository/org/springframework/boot/spring-boot-starter-aop/2.1.2.RELEASE/spring-boot-starter-aop-2.1.2.RELEASE.jar:/Users/jianzhang/.m2/repository/org/aspectj/aspectjweaver/1.9.2/aspectjweaver-1.9.2.jar:/Users/jianzhang/.m2/repository/org/springframework/boot/spring-boot-starter-jdbc/2.1.2.RELEASE/spring-boot-starter-jdbc-2.1.2.RELEASE.jar:/Users/jianzhang/.m2/repository/com/zaxxer/HikariCP/3.2.0/HikariCP-3.2.0.jar:/Users/jianzhang/.m2/repository/org/springframework/spring-jdbc/5.1.4.RELEASE/spring-jdbc-5.1.4.RELEASE.jar:/Users/jianzhang/.m2/repository/javax/transaction/javax.transaction-api/1.3/javax.transaction-api-1.3.jar:/Users/jianzhang/.m2/repository/javax/xml/bind/jaxb-api/2.3.1/jaxb-api-2.3.1.jar:/Users/jianzhang/.m2/repository/javax/activation/javax.activation-api/1.2.0/javax.activation-api-1.2.0.jar:/Users/jianzhang/.m2/repository/org/springframework/data/spring-data-jpa/2.1.4.RELEASE/spring-data-jpa-2.1.4.RELEASE.jar:/Users/jianzhang/.m2/repository/org/springframework/spring-orm/5.1.4.RELEASE/spring-orm-5.1.4.RELEASE.jar:/Users/jianzhang/.m2/repository/org/springframework/spring-aspects/5.1.4.RELEASE/spring-aspects-5.1.4.RELEASE.jar:/Users/jianzhang/.m2/repository/org/springframework/boot/spring-boot-starter-data-mongodb/2.1.2.RELEASE/spring-boot-starter-data-mongodb-2.1.2.RELEASE.jar:/Users/jianzhang/.m2/repository/org/mongodb/mongodb-driver/3.8.2/mongodb-driver-3.8.2.jar:/Users/jianzhang/.m2/repository/org/mongodb/bson/3.8.2/bson-3.8.2.jar:/Users/jianzhang/.m2/repository/org/mongodb/mongodb-driver-core/3.8.2/mongodb-driver-core-3.8.2.jar:/Users/jianzhang/.m2/repository/org/springframework/data/spring-data-mongodb/2.1.4.RELEASE/spring-data-mongodb-2.1.4.RELEASE.jar:/Users/jianzhang/.m2/repository/org/springframework/boot/spring-boot-starter-data-mongodb-reactive/2.1.2.RELEASE/spring-boot-starter-data-mongodb-reactive-2.1.2.RELEASE.jar:/Users/jianzhang/.m2/repository/org/mongodb/mongodb-driver-async/3.8.2/mongodb-driver-async-3.8.2.jar:/Users/jianzhang/.m2/repository/org/mongodb/mongodb-driver-reactivestreams/1.9.2/mongodb-driver-reactivestreams-1.9.2.jar:/Users/jianzhang/.m2/repository/org/springframework/boot/spring-boot-starter-oauth2-client/2.1.2.RELEASE/spring-boot-starter-oauth2-client-2.1.2.RELEASE.jar:/Users/jianzhang/.m2/repository/org/springframework/security/spring-security-config/5.1.3.RELEASE/spring-security-config-5.1.3.RELEASE.jar:/Users/jianzhang/.m2/repository/org/springframework/security/spring-security-core/5.1.3.RELEASE/spring-security-core-5.1.3.RELEASE.jar:/Users/jianzhang/.m2/repository/org/springframework/security/spring-security-oauth2-client/5.1.3.RELEASE/spring-security-oauth2-client-5.1.3.RELEASE.jar:/Users/jianzhang/.m2/repository/com/nimbusds/oauth2-oidc-sdk/6.0/oauth2-oidc-sdk-6.0.jar:/Users/jianzhang/.m2/repository/com/sun/mail/javax.mail/1.6.2/javax.mail-1.6.2.jar:/Users/jianzhang/.m2/repository/javax/activation/activation/1.1/activation-1.1.jar:/Users/jianzhang/.m2/repository/com/github/stephenc/jcip/jcip-annotations/1.0-1/jcip-annotations-1.0-1.jar:/Users/jianzhang/.m2/repository/com/nimbusds/lang-tag/1.4.4/lang-tag-1.4.4.jar:/Users/jianzhang/.m2/repository/org/springframework/security/spring-security-oauth2-core/5.1.3.RELEASE/spring-security-oauth2-core-5.1.3.RELEASE.jar:/Users/jianzhang/.m2/repository/org/springframework/security/spring-security-oauth2-jose/5.1.3.RELEASE/spring-security-oauth2-jose-5.1.3.RELEASE.jar:/Users/jianzhang/.m2/repository/com/nimbusds/nimbus-jose-jwt/6.0.2/nimbus-jose-jwt-6.0.2.jar:/Users/jianzhang/.m2/repository/org/springframework/boot/spring-boot-starter-oauth2-resource-server/2.1.2.RELEASE/spring-boot-starter-oauth2-resource-server-2.1.2.RELEASE.jar:/Users/jianzhang/.m2/repository/org/springframework/security/spring-security-oauth2-resource-server/5.1.3.RELEASE/spring-security-oauth2-resource-server-5.1.3.RELEASE.jar:/Users/jianzhang/.m2/repository/org/springframework/boot/spring-boot-starter-security/2.1.2.RELEASE/spring-boot-starter-security-2.1.2.RELEASE.jar:/Users/jianzhang/.m2/repository/org/springframework/spring-aop/5.1.4.RELEASE/spring-aop-5.1.4.RELEASE.jar:/Users/jianzhang/.m2/repository/org/springframework/security/spring-security-web/5.1.3.RELEASE/spring-security-web-5.1.3.RELEASE.jar:/Users/jianzhang/.m2/repository/org/springframework/boot/spring-boot-starter-validation/2.1.2.RELEASE/spring-boot-starter-validation-2.1.2.RELEASE.jar:/Users/jianzhang/.m2/repository/org/apache/tomcat/embed/tomcat-embed-el/9.0.14/tomcat-embed-el-9.0.14.jar:/Users/jianzhang/.m2/repository/org/hibernate/validator/hibernate-validator/6.0.14.Final/hibernate-validator-6.0.14.Final.jar:/Users/jianzhang/.m2/repository/org/springframework/boot/spring-boot-starter-web/2.1.2.RELEASE/spring-boot-starter-web-2.1.2.RELEASE.jar:/Users/jianzhang/.m2/repository/org/springframework/boot/spring-boot-starter-json/2.1.2.RELEASE/spring-boot-starter-json-2.1.2.RELEASE.jar:/Users/jianzhang/.m2/repository/com/fasterxml/jackson/datatype/jackson-datatype-jdk8/2.9.8/jackson-datatype-jdk8-2.9.8.jar:/Users/jianzhang/.m2/repository/com/fasterxml/jackson/datatype/jackson-datatype-jsr310/2.9.8/jackson-datatype-jsr310-2.9.8.jar:/Users/jianzhang/.m2/repository/com/fasterxml/jackson/module/jackson-module-parameter-names/2.9.8/jackson-module-parameter-names-2.9.8.jar:/Users/jianzhang/.m2/repository/org/springframework/spring-web/5.1.4.RELEASE/spring-web-5.1.4.RELEASE.jar:/Users/jianzhang/.m2/repository/org/springframework/spring-webmvc/5.1.4.RELEASE/spring-webmvc-5.1.4.RELEASE.jar:/Users/jianzhang/.m2/repository/org/springframework/boot/spring-boot-starter-tomcat/2.1.2.RELEASE/spring-boot-starter-tomcat-2.1.2.RELEASE.jar:/Users/jianzhang/.m2/repository/javax/annotation/javax.annotation-api/1.3.2/javax.annotation-api-1.3.2.jar:/Users/jianzhang/.m2/repository/org/apache/tomcat/embed/tomcat-embed-core/9.0.14/tomcat-embed-core-9.0.14.jar:/Users/jianzhang/.m2/repository/org/apache/tomcat/embed/tomcat-embed-websocket/9.0.14/tomcat-embed-websocket-9.0.14.jar:/Users/jianzhang/.m2/repository/org/springframework/boot/spring-boot-starter-test/2.1.2.RELEASE/spring-boot-starter-test-2.1.2.RELEASE.jar:/Users/jianzhang/.m2/repository/org/springframework/boot/spring-boot-test/2.1.2.RELEASE/spring-boot-test-2.1.2.RELEASE.jar:/Users/jianzhang/.m2/repository/org/springframework/boot/spring-boot-test-autoconfigure/2.1.2.RELEASE/spring-boot-test-autoconfigure-2.1.2.RELEASE.jar:/Users/jianzhang/.m2/repository/com/jayway/jsonpath/json-path/2.4.0/json-path-2.4.0.jar:/Users/jianzhang/.m2/repository/net/minidev/json-smart/2.3/json-smart-2.3.jar:/Users/jianzhang/.m2/repository/net/minidev/accessors-smart/1.2/accessors-smart-1.2.jar:/Users/jianzhang/.m2/repository/org/assertj/assertj-core/3.11.1/assertj-core-3.11.1.jar:/Users/jianzhang/.m2/repository/org/mockito/mockito-core/2.23.4/mockito-core-2.23.4.jar:/Users/jianzhang/.m2/repository/net/bytebuddy/byte-buddy/1.9.7/byte-buddy-1.9.7.jar:/Users/jianzhang/.m2/repository/net/bytebuddy/byte-buddy-agent/1.9.7/byte-buddy-agent-1.9.7.jar:/Users/jianzhang/.m2/repository/org/objenesis/objenesis/2.6/objenesis-2.6.jar:/Users/jianzhang/.m2/repository/org/hamcrest/hamcrest-core/1.3/hamcrest-core-1.3.jar:/Users/jianzhang/.m2/repository/org/hamcrest/hamcrest-library/1.3/hamcrest-library-1.3.jar:/Users/jianzhang/.m2/repository/org/skyscreamer/jsonassert/1.5.0/jsonassert-1.5.0.jar:/Users/jianzhang/.m2/repository/com/vaadin/external/google/android-json/0.0.20131108.vaadin1/android-json-0.0.20131108.vaadin1.jar:/Users/jianzhang/.m2/repository/org/springframework/spring-core/5.1.4.RELEASE/spring-core-5.1.4.RELEASE.jar:/Users/jianzhang/.m2/repository/org/springframework/spring-jcl/5.1.4.RELEASE/spring-jcl-5.1.4.RELEASE.jar:/Users/jianzhang/.m2/repository/org/springframework/spring-test/5.1.4.RELEASE/spring-test-5.1.4.RELEASE.jar:/Users/jianzhang/.m2/repository/org/xmlunit/xmlunit-core/2.6.2/xmlunit-core-2.6.2.jar:/Users/jianzhang/.m2/repository/org/springframework/security/spring-security-test/5.1.3.RELEASE/spring-security-test-5.1.3.RELEASE.jar:/Users/jianzhang/.m2/repository/log4j/log4j/1.2.16/log4j-1.2.16.jar:/Users/jianzhang/.m2/repository/org/codehaus/jackson/jackson-mapper-asl/1.9.13/jackson-mapper-asl-1.9.13.jar:/Users/jianzhang/.m2/repository/org/codehaus/jackson/jackson-core-asl/1.9.13/jackson-core-asl-1.9.13.jar:/Users/jianzhang/.m2/repository/org/glassfish/jersey/media/jersey-media-json-jackson/2.6/jersey-media-json-jackson-2.6.jar:/Users/jianzhang/.m2/repository/org/glassfish/jersey/core/jersey-common/2.6/jersey-common-2.6.jar:/Users/jianzhang/.m2/repository/org/glassfish/jersey/bundles/repackaged/jersey-guava/2.6/jersey-guava-2.6.jar:/Users/jianzhang/.m2/repository/org/glassfish/hk2/hk2-api/2.2.0/hk2-api-2.2.0.jar:/Users/jianzhang/.m2/repository/org/glassfish/hk2/hk2-utils/2.2.0/hk2-utils-2.2.0.jar:/Users/jianzhang/.m2/repository/org/glassfish/hk2/external/aopalliance-repackaged/2.2.0/aopalliance-repackaged-2.2.0.jar:/Users/jianzhang/.m2/repository/org/glassfish/hk2/hk2-locator/2.2.0/hk2-locator-2.2.0.jar:/Users/jianzhang/.m2/repository/org/glassfish/hk2/osgi-resource-locator/1.0.1/osgi-resource-locator-1.0.1.jar:/Users/jianzhang/.m2/repository/org/codehaus/jackson/jackson-jaxrs/1.9.13/jackson-jaxrs-1.9.13.jar:/Users/jianzhang/.m2/repository/org/codehaus/jackson/jackson-xc/1.9.13/jackson-xc-1.9.13.jar:/Users/jianzhang/.m2/repository/org/glassfish/jersey/containers/jersey-container-servlet-core/2.6/jersey-container-servlet-core-2.6.jar:/Users/jianzhang/.m2/repository/org/glassfish/hk2/external/javax.inject/2.2.0/javax.inject-2.2.0.jar:/Users/jianzhang/.m2/repository/org/glassfish/jersey/core/jersey-server/2.6/jersey-server-2.6.jar:/Users/jianzhang/.m2/repository/org/glassfish/jersey/core/jersey-client/2.6/jersey-client-2.6.jar:/Users/jianzhang/.m2/repository/javax/ws/rs/javax.ws.rs-api/2.0/javax.ws.rs-api-2.0.jar:/Users/jianzhang/.m2/repository/com/fasterxml/jackson/core/jackson-databind/2.9.8/jackson-databind-2.9.8.jar:/Users/jianzhang/.m2/repository/com/fasterxml/jackson/core/jackson-annotations/2.9.0/jackson-annotations-2.9.0.jar:/Users/jianzhang/.m2/repository/com/fasterxml/jackson/core/jackson-core/2.9.8/jackson-core-2.9.8.jar:/Users/jianzhang/.m2/repository/com/fasterxml/jackson/dataformat/jackson-dataformat-xml/2.9.8/jackson-dataformat-xml-2.9.8.jar:/Users/jianzhang/.m2/repository/com/fasterxml/jackson/module/jackson-module-jaxb-annotations/2.9.8/jackson-module-jaxb-annotations-2.9.8.jar:/Users/jianzhang/.m2/repository/org/codehaus/woodstox/stax2-api/3.1.4/stax2-api-3.1.4.jar:/Users/jianzhang/.m2/repository/com/fasterxml/woodstox/woodstox-core/5.0.3/woodstox-core-5.0.3.jar:/Users/jianzhang/.m2/repository/org/json/json/20160810/json-20160810.jar:/Users/jianzhang/.m2/repository/org/bouncycastle/bcprov-jdk16/1.45/bcprov-jdk16-1.45.jar:/Users/jianzhang/.m2/repository/struts/struts/1.1/struts-1.1.jar:/Users/jianzhang/.m2/repository/commons-beanutils/commons-beanutils/1.6.1/commons-beanutils-1.6.1.jar:/Users/jianzhang/.m2/repository/commons-collections/commons-collections/3.1/commons-collections-3.1.jar:/Users/jianzhang/.m2/repository/struts/struts-legacy/1.1/struts-legacy-1.1.jar:/Users/jianzhang/.m2/repository/commons-digester/commons-digester/1.6/commons-digester-1.6.jar:/Users/jianzhang/.m2/repository/xml-apis/xml-apis/1.4.01/xml-apis-1.4.01.jar:/Users/jianzhang/.m2/repository/commons-lang/commons-lang/2.1/commons-lang-2.1.jar:/Users/jianzhang/.m2/repository/commons-logging/commons-logging/1.0/commons-logging-1.0.jar:/Users/jianzhang/.m2/repository/commons-validator/commons-validator/1.1.4/commons-validator-1.1.4.jar:/Users/jianzhang/.m2/repository/oro/oro/2.0.7/oro-2.0.7.jar:/Users/jianzhang/.m2/repository/javax/sql/jdbc-stdext/2.0/jdbc-stdext-2.0.jar:/Users/jianzhang/.m2/repository/org/apache/tiles/tiles-core/3.0.5/tiles-core-3.0.5.jar:/Users/jianzhang/.m2/repository/org/slf4j/jcl-over-slf4j/1.7.25/jcl-over-slf4j-1.7.25.jar:/Users/jianzhang/.m2/repository/org/slf4j/slf4j-api/1.7.25/slf4j-api-1.7.25.jar:/Users/jianzhang/.m2/repository/org/apache/tiles/tiles-jsp/3.0.5/tiles-jsp-3.0.5.jar:/Users/jianzhang/.m2/repository/org/apache/tiles/tiles-servlet/3.0.5/tiles-servlet-3.0.5.jar:/Users/jianzhang/.m2/repository/org/apache/tiles/tiles-request-servlet/1.0.6/tiles-request-servlet-1.0.6.jar:/Users/jianzhang/.m2/repository/org/apache/tiles/tiles-template/3.0.5/tiles-template-3.0.5.jar:/Users/jianzhang/.m2/repository/org/apache/tiles/tiles-autotag-core-runtime/1.1.0/tiles-autotag-core-runtime-1.1.0.jar:/Users/jianzhang/.m2/repository/org/apache/tiles/tiles-request-jsp/1.0.6/tiles-request-jsp-1.0.6.jar:/Users/jianzhang/.m2/repository/org/apache/tiles/tiles-api/3.0.5/tiles-api-3.0.5.jar:/Users/jianzhang/.m2/repository/org/apache/tiles/tiles-request-api/1.0.6/tiles-request-api-1.0.6.jar:/Users/jianzhang/.m2/repository/joda-time/joda-time/2.3/joda-time-2.3.jar:/Users/jianzhang/.m2/repository/org/mongodb/mongo-java-driver/3.4.2/mongo-java-driver-3.4.2.jar:/Users/jianzhang/.m2/repository/com/datastax/cassandra/cassandra-driver-core/3.1.4/cassandra-driver-core-3.1.4.jar:/Users/jianzhang/.m2/repository/io/netty/netty-handler/4.1.31.Final/netty-handler-4.1.31.Final.jar:/Users/jianzhang/.m2/repository/io/netty/netty-buffer/4.1.31.Final/netty-buffer-4.1.31.Final.jar:/Users/jianzhang/.m2/repository/io/netty/netty-common/4.1.31.Final/netty-common-4.1.31.Final.jar:/Users/jianzhang/.m2/repository/io/netty/netty-transport/4.1.31.Final/netty-transport-4.1.31.Final.jar:/Users/jianzhang/.m2/repository/io/netty/netty-resolver/4.1.31.Final/netty-resolver-4.1.31.Final.jar:/Users/jianzhang/.m2/repository/io/netty/netty-codec/4.1.31.Final/netty-codec-4.1.31.Final.jar:/Users/jianzhang/.m2/repository/io/dropwizard/metrics/metrics-core/4.0.5/metrics-core-4.0.5.jar:/Users/jianzhang/.m2/repository/com/github/jnr/jnr-ffi/2.0.7/jnr-ffi-2.0.7.jar:/Users/jianzhang/.m2/repository/com/github/jnr/jffi/1.2.10/jffi-1.2.10.jar:/Users/jianzhang/.m2/repository/com/github/jnr/jffi/1.2.10/jffi-1.2.10-native.jar:/Users/jianzhang/.m2/repository/org/ow2/asm/asm/5.0.3/asm-5.0.3.jar:/Users/jianzhang/.m2/repository/org/ow2/asm/asm-commons/5.0.3/asm-commons-5.0.3.jar:/Users/jianzhang/.m2/repository/org/ow2/asm/asm-analysis/5.0.3/asm-analysis-5.0.3.jar:/Users/jianzhang/.m2/repository/org/ow2/asm/asm-tree/5.0.3/asm-tree-5.0.3.jar:/Users/jianzhang/.m2/repository/org/ow2/asm/asm-util/5.0.3/asm-util-5.0.3.jar:/Users/jianzhang/.m2/repository/com/github/jnr/jnr-x86asm/1.0.2/jnr-x86asm-1.0.2.jar:/Users/jianzhang/.m2/repository/com/github/jnr/jnr-posix/3.0.27/jnr-posix-3.0.27.jar:/Users/jianzhang/.m2/repository/com/github/jnr/jnr-constants/0.9.0/jnr-constants-0.9.0.jar:/Users/jianzhang/.m2/repository/com/google/guava/guava/16.0.1/guava-16.0.1.jar:/Users/jianzhang/.m2/repository/com/codahale/metrics/metrics-core/3.0.2/metrics-core-3.0.2.jar:/Users/jianzhang/.m2/repository/org/apache/ant/ant-apache-regexp/1.9.4/ant-apache-regexp-1.9.4.jar:/Users/jianzhang/.m2/repository/org/apache/ant/ant/1.9.4/ant-1.9.4.jar:/Users/jianzhang/.m2/repository/org/apache/ant/ant-launcher/1.9.4/ant-launcher-1.9.4.jar:/Users/jianzhang/.m2/repository/regexp/regexp/1.3/regexp-1.3.jar:/Users/jianzhang/.m2/repository/javax/servlet/jsp/jsp-api/2.1/jsp-api-2.1.jar:/Users/jianzhang/.m2/repository/javax/el/javax.el-api/3.0.0/javax.el-api-3.0.0.jar:/Users/jianzhang/.m2/repository/org/mariadb/jdbc/mariadb-java-client/2.1.0/mariadb-java-client-2.1.0.jar:/Users/jianzhang/.m2/repository/org/hibernate/hibernate-core/4.3.6.Final/hibernate-core-4.3.6.Final.jar:/Users/jianzhang/.m2/repository/org/jboss/logging/jboss-logging/3.3.2.Final/jboss-logging-3.3.2.Final.jar:/Users/jianzhang/.m2/repository/org/jboss/logging/jboss-logging-annotations/1.2.0.Beta1/jboss-logging-annotations-1.2.0.Beta1.jar:/Users/jianzhang/.m2/repository/org/jboss/spec/javax/transaction/jboss-transaction-api_1.2_spec/1.0.0.Final/jboss-transaction-api_1.2_spec-1.0.0.Final.jar:/Users/jianzhang/.m2/repository/dom4j/dom4j/1.6.1/dom4j-1.6.1.jar:/Users/jianzhang/.m2/repository/org/hibernate/common/hibernate-commons-annotations/4.0.5.Final/hibernate-commons-annotations-4.0.5.Final.jar:/Users/jianzhang/.m2/repository/org/hibernate/javax/persistence/hibernate-jpa-2.1-api/1.0.0.Final/hibernate-jpa-2.1-api-1.0.0.Final.jar:/Users/jianzhang/.m2/repository/org/javassist/javassist/3.18.1-GA/javassist-3.18.1-GA.jar:/Users/jianzhang/.m2/repository/antlr/antlr/2.7.7/antlr-2.7.7.jar:/Users/jianzhang/.m2/repository/org/jboss/jandex/1.1.0.Final/jandex-1.1.0.Final.jar:/Users/jianzhang/.m2/repository/org/hibernate/hibernate-validator/5.0.1.Final/hibernate-validator-5.0.1.Final.jar:/Users/jianzhang/.m2/repository/javax/validation/validation-api/2.0.1.Final/validation-api-2.0.1.Final.jar:/Users/jianzhang/.m2/repository/com/fasterxml/classmate/1.4.0/classmate-1.4.0.jar:/Users/jianzhang/.m2/repository/commons-fileupload/commons-fileupload/1.2/commons-fileupload-1.2.jar:/Users/jianzhang/.m2/repository/commons-io/commons-io/1.3.2/commons-io-1.3.2.jar:/Users/jianzhang/.m2/repository/junit/junit/3.8.1/junit-3.8.1.jar:"/>
    <property name="sun.cpu.endian" value="little"/>
    <property name="user.home" value="/Users/jianzhang"/>
    <property name="user.language" value="en"/>
    <property name="java.specification.vendor" value="Oracle Corporation"/>
    <property name="java.home" value="/Library/Java/JavaVirtualMachines/jdk1.8.0_181.jdk/Contents/Home/jre"/>
    <property name="basedir" value="/Users/jianzhang/SpringBoot/SpringbootSecurityDemo"/>
    <property name="file.separator" value="/"/>
    <property name="line.separator" value="&#10;"/>
    <property name="java.vm.specification.vendor" value="Oracle Corporation"/>
    <property name="java.specification.name" value="Java Platform API Specification"/>
    <property name="java.awt.graphicsenv" value="sun.awt.CGraphicsEnvironment"/>
    <property name="surefire.real.class.path" value="/Users/jianzhang/SpringBoot/SpringbootSecurityDemo/target/surefire/surefirebooter7971888525215120216.jar"/>
    <property name="sun.boot.class.path" value="/Library/Java/JavaVirtualMachines/jdk1.8.0_181.jdk/Contents/Home/jre/lib/resources.jar:/Library/Java/JavaVirtualMachines/jdk1.8.0_181.jdk/Contents/Home/jre/lib/rt.jar:/Library/Java/JavaVirtualMachines/jdk1.8.0_181.jdk/Contents/Home/jre/lib/sunrsasign.jar:/Library/Java/JavaVirtualMachines/jdk1.8.0_181.jdk/Contents/Home/jre/lib/jsse.jar:/Library/Java/JavaVirtualMachines/jdk1.8.0_181.jdk/Contents/Home/jre/lib/jce.jar:/Library/Java/JavaVirtualMachines/jdk1.8.0_181.jdk/Contents/Home/jre/lib/charsets.jar:/Library/Java/JavaVirtualMachines/jdk1.8.0_181.jdk/Contents/Home/jre/lib/jfr.jar:/Library/Java/JavaVirtualMachines/jdk1.8.0_181.jdk/Contents/Home/jre/classes"/>
    <property name="sun.management.compiler" value="HotSpot 64-Bit Tiered Compilers"/>
    <property name="ftp.nonProxyHosts" value="local|*.local|169.254/16|*.169.254/16"/>
    <property name="java.runtime.version" value="1.8.0_181-b13"/>
    <property name="user.name" value="jianzhang"/>
    <property name="path.separator" value=":"/>
    <property name="os.version" value="10.14"/>
    <property name="java.endorsed.dirs" value="/Library/Java/JavaVirtualMachines/jdk1.8.0_181.jdk/Contents/Home/jre/lib/endorsed"/>
    <property name="java.runtime.name" value="Java(TM) SE Runtime Environment"/>
    <property name="file.encoding" value="UTF-8"/>
    <property name="java.vm.name" value="Java HotSpot(TM) 64-Bit Server VM"/>
    <property name="localRepository" value="/Users/jianzhang/.m2/repository"/>
    <property name="java.vendor.url.bug" value="http://bugreport.sun.com/bugreport/"/>
    <property name="java.io.tmpdir" value="/var/folders/8m/fc2kgtd575g96486b5k5txt80000gn/T/"/>
    <property name="java.version" value="1.8.0_181"/>
    <property name="user.dir" value="/Users/jianzhang/SpringBoot/SpringbootSecurityDemo"/>
    <property name="os.arch" value="x86_64"/>
    <property name="java.vm.specification.name" value="Java Virtual Machine Specification"/>
    <property name="java.awt.printerjob" value="sun.lwawt.macosx.CPrinterJob"/>
    <property name="sun.os.patch.level" value="unknown"/>
    <property name="java.library.path" value="/Users/jianzhang/Library/Java/Extensions:/Library/Java/Extensions:/Network/Library/Java/Extensions:/System/Library/Java/Extensions:/usr/lib/java:."/>
    <property name="java.vm.info" value="mixed mode"/>
    <property name="java.vendor" value="Oracle Corporation"/>
    <property name="java.vm.version" value="25.181-b13"/>
    <property name="java.ext.dirs" value="/Users/jianzhang/Library/Java/Extensions:/Library/Java/JavaVirtualMachines/jdk1.8.0_181.jdk/Contents/Home/jre/lib/ext:/Library/Java/Extensions:/Network/Library/Java/Extensions:/System/Library/Java/Extensions:/usr/lib/java"/>
    <property name="sun.io.unicode.encoding" value="UnicodeBig"/>
    <property name="java.class.version" value="52.0"/>
    <property name="socksNonProxyHosts" value="local|*.local|169.254/16|*.169.254/16"/>
  </properties>
  <testcase name="testGetSession" classname="com.basic.hibernate.dao.DmarcReportsTest" time="1.528"/>
</testsuite>