<?xml version="1.0" encoding="UTF-8"?>
<!-- Generated by org.testng.reporters.JUnitReportReporter -->
<testsuite hostname="DESKTOP-OPPF3S0" name="com.websystique.springmvc.controller.AppControllerTest" tests="10" failures="0" timestamp="10 Apr 2017 17:40:37 GMT" time="0.195" errors="0">
  <testcase name="listEmployees" time="0.022" classname="com.websystique.springmvc.controller.AppControllerTest"/>
  <testcase name="updateEmployeeWithValidationError" time="0.002" classname="com.websystique.springmvc.controller.AppControllerTest"/>
  <testcase name="updateEmployeeWithSuccess" time="0.005" classname="com.websystique.springmvc.controller.AppControllerTest"/>
  <testcase name="updateEmployeeWithValidationErrorNonUniqueSSN" time="0.004" classname="com.websystique.springmvc.controller.AppControllerTest"/>
  <testcase name="editEmployee" time="0.077" classname="com.websystique.springmvc.controller.AppControllerTest"/>
  <testcase name="saveEmployeeWithValidationError" time="0.004" classname="com.websystique.springmvc.controller.AppControllerTest"/>
  <testcase name="saveEmployeeWithValidationErrorNonUniqueSSN" time="0.006" classname="com.websystique.springmvc.controller.AppControllerTest"/>
  <testcase name="deleteEmployee" time="0.060" classname="com.websystique.springmvc.controller.AppControllerTest"/>
  <testcase name="newEmployee" time="0.008" classname="com.websystique.springmvc.controller.AppControllerTest"/>
  <testcase name="saveEmployeeWithSuccess" time="0.007" classname="com.websystique.springmvc.controller.AppControllerTest"/>
</testsuite> <!-- com.websystique.springmvc.controller.AppControllerTest -->
